 
 ***********************************************          Match n° : 17          **********************************************************

 Le nombre de ballon pour le match est 157.782816856838 

 Le nombre de ballon corrigé pour le match est 148.505212545718
 

		----------------------------------------           Equipe 	1----------------------------------- 
Joueur n° 1 : 42, 225 
 Bonus x: 0.246260869565217 | x_def : 0.554086956521739 | x_atq : 0 | y: 0.977272727272727
 Recup : 0.24088302765206 | 0.321177370202746 | 0.24088302765206 
 Conserv : 0.25360591021755 | 0.3381412136234 | 0.25360591021755 
 Def : 0.722750923547815  | 1.14722368817113 | 0.722750923547815 
 Atq : 0  | 0  | 0 

Joueur n° 4 : 130, 220 
 Bonus x: 0.234782608695652 | x_def : 0.657391304347826 | x_atq : 0.0188405797101449 | y: 0.996363636363636
 Recup : 0.259535754919615 | 0.346047673226154 | 0.259535754919615 
 Conserv : 0.257701198647834 | 0.343601598197112 | 0.257701198647834 
 Def : 0.217854083164421  | 1.70865947579938 | 0.217854083164421 
 Atq : 0.00428702755184788  | 0.0336237455046893  | 0.00428702755184788 

Joueur n° 5 : 220, 221 
 Bonus x: 0.116376811594203 | x_def : 0.497246376811594 | x_atq : 0.0357971014492754 | y: 0.999454545454545
 Recup : 0.194581552724228 | 0.259442070298971 | 0.194581552724228 
 Conserv : 0.198594682193848 | 0.264792909591798 | 0.198594682193848 
 Def : 0.951805895885498  | 1.71496557817207 | 0.951805895885498 
 Atq : 0.0566779860135407  | 0.102122497321695  | 0.0566779860135407 

Joueur n° 6 : 309, 117 
 Bonus x: 0.0197826086956522 | x_def : 0.358913043478261 | x_atq : 0.0606521739130435 | y: 0.075969696969697
 Recup : 0.0258660709955288 | 0.0172440473303525 | 0.0320530352832756 
 Conserv : 0.028246063372266 | 0.018830708914844 | 0.0350023034438197 
 Def : 0.267306999680206  | 0.468959648561764 | 0.871696758528641 
 Atq : 0.0410108218234941  | 0.0719488102166564  | 0.133737614394326 

Joueur n° 7 : 300, 232 
 Bonus x: 0.0308695652173913 | x_def : 0.401304347826087 | x_atq : 0.0234782608695652 | y: 0.980681818181818
 Recup : 0.0452861577952685 | 0.0603815437270247 | 0.0452861577952685 
 Conserv : 0.0485594730604704 | 0.0647459640806272 | 0.0485594730604704 
 Def : 0.289144190436623  | 0.856723527219624 | 0.289144190436623 
 Atq : 0.0166643843832793  | 0.049375953728235  | 0.0166643843832793 

Joueur n° 11 : 300, 354 
 Bonus x: 0.0378260869565217 | x_def : 0.491739130434783 | x_atq : 0.273913043478261 | y: 0.0312727272727273
 Recup : 0.0362333501236186 | 0.0186832329001059 | 0.0280248493501588 
 Conserv : 0.0301304208672853 | 0.0155363406508402 | 0.0233045109762603 
 Def : 0.440259590885334  | 0.227013854500147 | 0.0817249876200528 
 Atq : 0.240072453377498  | 0.123790086868834  | 0.0445644312727801 

Joueur n° 12 : 399, 97 
 Bonus x: 0.065 | x_def : 0.227739130434783 | x_atq : 0.347608695652174 | y: 0.0268863636363636
 Recup : 0.0545323601432028 | 0.0363549067621352 | 0.0708060951036429 
 Conserv : 0.0437024247603772 | 0.0291349498402515 | 0.0567442530584983 
 Def : 0.125730362022288  | 0.133048002139987 | 0.25912896860144 
 Atq : 0.195159645368757  | 0.206518143247362  | 0.402221999552218 

Joueur n° 13 : 397, 198 
 Bonus x: 0.0475797101449275 | x_def : 0.203826086956522 | x_atq : 0.260623188405797 | y: 0.98725
 Recup : 0.0520334414948924 | 0.0693779219931898 | 0.0520334414948924 
 Conserv : 0.051618048474555 | 0.06882406463274 | 0.051618048474555 
 Def : 0.26076052407563  | 0.377913803008159 | 0.26076052407563 
 Atq : 0.343218298055412  | 0.497417823268713  | 0.343218298055412 

Joueur n° 18 : 396, 293 
 Bonus x: 0.0640869565217391 | x_def : 0.0809565217391304 | x_atq : 0.355391304347826 | y: 0.877681818181818
 Recup : 0.100143332694652 | 0.13352444359287 | 0.100143332694652 
 Conserv : 0.102625877496747 | 0.136834503328996 | 0.102625877496747 
 Def : 0.0854589548729039  | 0.199903988006793 | 0.0854589548729039 
 Atq : 0.387079800741629  | 0.905449826296208  | 0.387079800741629 

Joueur n° 14 : 402, 389 
 Bonus x: 0.0584347826086957 | x_def : 0.187826086956522 | x_atq : 0.301913043478261 | y: 0.0314772727272727
 Recup : 0.068752992645017 | 0.0354585746726602 | 0.0531878620089903 
 Conserv : 0.0809740807596711 | 0.0417614619917917 | 0.0626421929876876 
 Def : 0.269121892724541  | 0.138796557969356 | 0.0229014320649437 
 Atq : 0.455443884492146  | 0.234890007928137  | 0.0387568513081426 

Joueur n° 19 : 487, 230 
 Bonus x: 0.19568115942029 | x_def : 0.035304347826087 | x_atq : 0.569594202898551 | y: 0.993522727272727
 Recup : 0.20731071313661 | 0.276414284182146 | 0.20731071313661 
 Conserv : 0.193652023713072 | 0.258202698284096 | 0.193652023713072 
 Def : 0.0113271236110683  | 0.050342771604748 | 0.0113271236110683 
 Atq : 0.194855070645488  | 0.86602253620217  | 0.194855070645488 


 Recup :   0.116832614029518	| 0.143100551717123	| 0.116713256560309 
 Conserv :  0.11721910941488	| 0.143673310285136	| 0.116731861297304 
 Atq :  0.17586085204119	| 0.281014493689336	| 0.147460314901697 
 Def :  0.331047321900575	| 0.638504626832105	| 0.343141258400821 
 

		----------------------------------------           Equipe 2		----------------------------------- 
Joueur n° 234 : 47, 225 
 Bonus x: 0.56036231884058 | x_def : 0.885289855072464 | x_atq : 0 | y: 0.977272727272727
 Recup : 0.642703463307968 | 0.85693795107729 | 0.642703463307968 
 Conserv : 0.598060588012324 | 0.797414117349766 | 0.598060588012324 
 Def : 0.481626106881601  | 2.79203540221218 | 0.481626106881601 
 Atq : 0  | 0  | 0 

Joueur n° 235 : 168, 216 
 Bonus x: 0.382608695652174 | x_def : 0.378260869565217 | x_atq : 0 | y: 0.997727272727273
 Recup : 0.516926456767554 | 0.689235275690072 | 0.516926456767554 
 Conserv : 0.560887944293241 | 0.747850592390988 | 0.560887944293241 
 Def : 0.364610456318261  | 1.27933493445004 | 0.364610456318261 
 Atq : 0  | 0  | 0 

Joueur n° 236 : 166, 318 
 Bonus x: 0.388782608695652 | x_def : 0.387304347826087 | x_atq : 0 | y: 0
 Recup : 0.398227115175415 | 0.199113557587708 | 0.298670336381561 
 Conserv : 0.40382855152074 | 0.20191427576037 | 0.302871413640555 
 Def : 0.610130373178669  | 0.305065186589334 | 0.228798889942001 
 Atq : 0  | 0  | 0 

Joueur n° 237 : 165, 111 
 Bonus x: 0.441304347826087 | x_def : 0.441304347826087 | x_atq : 0.0156521739130435 | y: 0.0750454545454546
 Recup : 0.401592575480666 | 0.267728383653777 | 0.498078258034172 
 Conserv : 0.421430281016458 | 0.280953520677639 | 0.522682123792487 
 Def : 0.39001568238589  | 0.553213733880695 | 1.02919133612746 
 Atq : 0.00962895291027255  | 0.0136580892344291  | 0.0254093241856531 

Joueur n° 245 : 313, 61 
 Bonus x: 0.614478260869565 | x_def : 0.344217391304348 | x_atq : 0.172260869565217 | y: 0.176272727272727
 Recup : 0.774230014268485 | 0.516153342845657 | 0.877608280593898 
 Conserv : 0.727599479607538 | 0.485066319738359 | 0.824751451753914 
 Def : 0.620436109458675  | 0.44002560954516 | 0.748169364710837 
 Atq : 0.283675101648134  | 0.201188015353286  | 0.342077157258853 

Joueur n° 244 : 331, 403 
 Bonus x: 0.888710144927536 | x_def : 0.343391304347826 | x_atq : 0.388246376811594 | y: 0.142583333333333
 Recup : 0.962412056740748 | 0.549817987915517 | 0.824726981873275 
 Conserv : 1.01782366000764 | 0.581474175098531 | 0.872211262647797 
 Def : 0.477199083480773  | 0.272619859733536 | 0.139036128464104 
 Atq : 0.522113824371567  | 0.29827927691494  | 0.152122431226619 

Joueur n° 247 : 341, 162 
 Bonus x: 0.373942028985507 | x_def : 0.197260869565217 | x_atq : 0.171275362318841 | y: 0.93375
 Recup : 0.52082705705848 | 0.694436076077973 | 0.52082705705848 
 Conserv : 0.521426397745544 | 0.695235196994059 | 0.521426397745544 
 Def : 0.11708432515804  | 0.400288291138598 | 0.11708432515804 
 Atq : 0.10046237642345  | 0.343461115977607  | 0.10046237642345 

Joueur n° 248 : 356, 293 
 Bonus x: 0.548521739130435 | x_def : 0.222666666666667 | x_atq : 0.269304347826087 | y: 0.9415
 Recup : 0.584888983248144 | 0.779851977664192 | 0.584888983248144 
 Conserv : 0.555295554978786 | 0.740394073305049 | 0.555295554978786 
 Def : 0.175063318593161  | 0.389029596873692 | 0.175063318593161 
 Atq : 0.210995727287699  | 0.468879393972665  | 0.210995727287699 

Joueur n° 254 : 472, 210 
 Bonus x: 0.444753623188406 | x_def : 0.0126376811594203 | x_atq : 0.358724637681159 | y: 0.996363636363636
 Recup : 0.5064347985683 | 0.675246398091066 | 0.5064347985683 
 Conserv : 0.4685873581059 | 0.6247831441412 | 0.4685873581059 
 Def : 0.00930747305422576  | 0.0258540918172938 | 0.00930747305422576 
 Atq : 0.30925965347075  | 0.859054592974304  | 0.30925965347075 

Joueur n° 253 : 578, 293 
 Bonus x: 0.53168115942029 | x_def : 0.0275942028985507 | x_atq : 0.659188405797101 | y: 0.991136363636364
 Recup : 0.576820321310302 | 0.769093761747069 | 0.576820321310302 
 Conserv : 0.61699750382486 | 0.822663338433147 | 0.61699750382486 
 Def : 0.0305417155141434  | 0.0646385513526845 | 0.0305417155141434 
 Atq : 1.03049361185464  | 2.18093886106801  | 1.03049361185464 

Joueur n° 249 : 536, 55 
 Bonus x: 0.491014492753623 | x_def : 0.147304347826087 | x_atq : 0.513333333333333 | y: 0.100568181818182
 Recup : 0.439058453378958 | 0.292705635585972 | 0.531917314023036 
 Conserv : 0.535142259843049 | 0.356761506562032 | 0.6483224073817 
 Def : 0.0287639829308098  | 0.112799933061999 | 0.2049849067518 
 Atq : 0.120301122779711  | 0.471769108940041  | 0.857319186096513 


 Recup :   0.574920117755002	| 0.571847304357845	| 0.579963841015154 
 Conserv :  0.58427996172328	| 0.575864569131922	| 0.590190364197919 
 Atq :  0.235175488249656	| 0.439748041312299	| 0.275285406164016 
 Def :  0.300434420632204	| 0.603173199150474	| 0.320764911046876 


  =======================================		Les ballons jouées		========================================

CENTRE : 8 ballons /Equipe1 (0.251244185624821)| 139 ballons /Equipe2(4.0241953103736)  sur 148.505212545718 
DROITE 2 ballons /Equipe1 (0.203040140173088)| 71 ballons /Equipe2(5.00611480600208)  sur 74.2526062728588 
GAUCHE 2 ballons /Equipe1 (0.202114513225001)| 71 ballons /Equipe2(5.05158913973121)  sur 74.2526062728588 

*********************************** Ballon d'attaque  ***************************************************
*		Equipe 1 : 4		|		3		|		4		*
*		Equipe 2 : 99		|		81		|		99		*
*********************************************************************************************************
ATTAQUE CENTRE : 1 ballons /Equipe1 (0.239157097982799) sur 3	 | 48 ballons /Equipe2(0.363322460170707)  sur 81	 
ATTAQUE DROITE 1 ballons /Equipe1 (0.16845781730153) sur 4 | 59 ballons /Equipe2(0.254765669042935)  sur 99 
ATTAQUE GAUCHE 1 ballons /Equipe1 (0.195242853787662) sur 4	 | 60 ballons /Equipe2(0.303857946891194)  sur 99 

***********************************   Ballon d'occaz   ***************************************************
*		Equipe 1 : 0		|		1		|		0		*
*		Equipe 2 : 51		|		63		|		51		*
*********************************************************************************************************
OCCAZ CENTRE : 0 ballons /Equipe1 (0.465893534535561) sur 1	 | 37 ballons /Equipe2(0.688715512515668)  sur 63	 
OCCAZ DROITE 0 ballons /Equipe1 (0.490823636623912) sur 0 | 29 ballons /Equipe2(0.685360569421672)  sur 51 
OCCAZ GAUCHE 0 ballons /Equipe1 (0.548254643773958) sur 0	 | 30 ballons /Equipe2(0.831559079178092)  sur 51 

***********************************   Ballon d'Tir   ***************************************************
*		Equipe 1 : 0		|		0		|		0		*
*		Equipe 2 : 14		|		66		|		15		*
*********************************************************************************************************

 Gardien : 3.49594206173283   9.90537423426374 

***********************************   SCORE  ************************************************************
*													*
*			0				||			10			*
*													*
*********************************************************************************************************
-------------------------- Proba Joueur ------------------ 
 Equipe 1 
BALLON : 0 / 217 | 1 / 260 | 0 / 218 
