 
 ***********************************************          Match n° : 17          **********************************************************

 Le nombre de ballon pour le match est 182.037928850605 

 Le nombre de ballon corrigé pour le match est 136.020678817141
 

		----------------------------------------           Equipe 	1----------------------------------- 
Joueur n° 1 : 42, 225 
 Bonus x: 0.343739130434783 | x_def : 0.554086956521739 | x_atq : 0 | y: 0.977272727272727
 Recup : 0.349316866885533 | 0.465755822514044 | 0.349316866885533 
 Conserv : 0.367766973224902 | 0.490355964299869 | 0.367766973224902 
 Def : 0.750876383237831  | 1.19186727498068 | 0.750876383237831 
 Atq : 0  | 0  | 0 

Joueur n° 4 : 130, 220 
 Bonus x: 0.575217391304348 | x_def : 0.657391304347826 | x_atq : 0.0188405797101449 | y: 0.996363636363636
 Recup : 0.627148885866346 | 0.836198514488461 | 0.627148885866346 
 Conserv : 0.622715816818642 | 0.830287755758189 | 0.622715816818642 
 Def : 0.21486866130204  | 1.68524440236894 | 0.21486866130204 
 Atq : 0.0042282791199066  | 0.0331629734894636  | 0.0042282791199066 

Joueur n° 5 : 220, 221 
 Bonus x: 0.613623188405797 | x_def : 0.497246376811594 | x_atq : 0.0357971014492754 | y: 0.999454545454545
 Recup : 1.02837288282861 | 1.37116384377148 | 1.02837288282861 
 Conserv : 1.04958246546406 | 1.39944328728541 | 1.04958246546406 
 Def : 0.954030004984764  | 1.71897298195453 | 0.954030004984764 
 Atq : 0.0568104269082291  | 0.102361129564377  | 0.0568104269082291 

Joueur n° 6 : 309, 117 
 Bonus x: 0.630217391304348 | x_def : 0.358913043478261 | x_atq : 0.0606521739130435 | y: 0.075969696969697
 Recup : 0.81153696081994 | 0.541024640546627 | 1.00565033024692 
 Conserv : 0.886208207973241 | 0.590805471982161 | 1.09818236265589 
 Def : 0.263257860360239  | 0.46185589536884 | 0.858492384440911 
 Atq : 0.0403895940539695  | 0.0708589369367886  | 0.131711770575606 

Joueur n° 7 : 300, 232 
 Bonus x: 0.679130434782609 | x_def : 0.401304347826087 | x_atq : 0.0234782608695652 | y: 0.980681818181818
 Recup : 1.03337999365968 | 1.37783999154624 | 1.03337999365968 
 Conserv : 1.10807342478034 | 1.47743123304046 | 1.10807342478034 
 Def : 0.299906835099328  | 0.88861284473875 | 0.299906835099328 
 Atq : 0.0172846729921189  | 0.0512138459025744  | 0.0172846729921189 

Joueur n° 11 : 300, 354 
 Bonus x: 0.832173913043478 | x_def : 0.491739130434783 | x_atq : 0.273913043478261 | y: 0.0312727272727273
 Recup : 0.787359385900792 | 0.405991130620845 | 0.608986695931267 
 Conserv : 0.654741269853877 | 0.337608407510108 | 0.506412611265162 
 Def : 0.434861203250795  | 0.224230249530773 | 0.0807228898310784 
 Atq : 0.237128726107184  | 0.122272194043631  | 0.0440179898557073 

Joueur n° 12 : 399, 97 
 Bonus x: 0.585 | x_def : 0.227739130434783 | x_atq : 0.347608695652174 | y: 0.0268863636363636
 Recup : 0.495689667539678 | 0.330459778359785 | 0.643615087436892 
 Conserv : 0.397247438828289 | 0.264831625885526 | 0.515795389370477 
 Def : 0.126985235487922  | 0.13437591056923 | 0.26171524976412 
 Atq : 0.197107469717601  | 0.208579333034498  | 0.406236445278884 

Joueur n° 13 : 397, 198 
 Bonus x: 0.442420289855072 | x_def : 0.203826086956522 | x_atq : 0.260623188405797 | y: 0.98725
 Recup : 0.496779807728706 | 0.662373076971609 | 0.496779807728706 
 Conserv : 0.492813918507343 | 0.657085224676457 | 0.492813918507343 
 Def : 0.267737981696998  | 0.388026060430432 | 0.267737981696998 
 Atq : 0.35240216949473  | 0.51072778187642  | 0.35240216949473 

Joueur n° 18 : 396, 293 
 Bonus x: 0.605913043478261 | x_def : 0.0809565217391304 | x_atq : 0.355391304347826 | y: 0.877681818181818
 Recup : 0.944235186925023 | 1.25898024923336 | 0.944235186925023 
 Conserv : 0.967642697861399 | 1.2901902638152 | 0.967642697861399 
 Def : 0.0852265803801242  | 0.199360421941811 | 0.0852265803801242 
 Atq : 0.386027278247101  | 0.902987785373336  | 0.386027278247101 

Joueur n° 14 : 402, 389 
 Bonus x: 0.501565217391304 | x_def : 0.187826086956522 | x_atq : 0.301913043478261 | y: 0.0314772727272727
 Recup : 0.592843091993839 | 0.305752087842505 | 0.458628131763757 
 Conserv : 0.698223052729931 | 0.36010060509259 | 0.540150907638885 
 Def : 0.270359233734667  | 0.139434702534635 | 0.0230067259182148 
 Atq : 0.457537877628074  | 0.235969961092615  | 0.0389350435802815 

Joueur n° 19 : 487, 230 
 Bonus x: 0.66431884057971 | x_def : 0.035304347826087 | x_atq : 0.569594202898551 | y: 0.993522727272727
 Recup : 0.70013736431851 | 0.933516485758013 | 0.70013736431851 
 Conserv : 0.654008736094945 | 0.872011648126594 | 0.654008736094945 
 Def : 0.0112681752562345  | 0.0500807789165977 | 0.0112681752562345 
 Atq : 0.193841010391537  | 0.861515601740165  | 0.193841010391537 


 Recup :   0.715163644951514	| 0.771732329241179	| 0.717841021235568 
 Conserv :  0.718093091103361	| 0.779104680679323	| 0.720285936698367 
 Atq :  0.176614318605496	| 0.281786322095806	| 0.148317735131282 
 Def :  0.334488923162813	| 0.643823774848657	| 0.346168351991968 
 

		----------------------------------------           Equipe 2		----------------------------------- 
Joueur n° 234 : 47, 225 
 Bonus x: 0.56036231884058 | x_def : 0.885289855072464 | x_atq : 0 | y: 0.977272727272727
 Recup : 0.646620618228922 | 0.86216082430523 | 0.646620618228922 
 Conserv : 0.601705653130386 | 0.802274204173849 | 0.601705653130386 
 Def : 0.484561526063756  | 2.80905232500728 | 0.484561526063756 
 Atq : 0  | 0  | 0 

Joueur n° 235 : 168, 216 
 Bonus x: 0.382608695652174 | x_def : 0.378260869565217 | x_atq : 0 | y: 0.997727272727273
 Recup : 0.518050628365844 | 0.690734171154458 | 0.518050628365844 
 Conserv : 0.562107719927748 | 0.749476959903665 | 0.562107719927748 
 Def : 0.3654033828827  | 1.28211713292176 | 0.3654033828827 
 Atq : 0  | 0  | 0 

Joueur n° 236 : 166, 318 
 Bonus x: 0.388782608695652 | x_def : 0.387304347826087 | x_atq : 0 | y: 0
 Recup : 0.391826364893337 | 0.195913182446669 | 0.293869773670003 
 Conserv : 0.397337768707221 | 0.198668884353611 | 0.298003326530416 
 Def : 0.60032367742791  | 0.300161838713955 | 0.225121379035466 
 Atq : 0  | 0  | 0 

Joueur n° 237 : 165, 111 
 Bonus x: 0.441304347826087 | x_def : 0.441304347826087 | x_atq : 0.0156521739130435 | y: 0.0750454545454546
 Recup : 0.396900541836758 | 0.264600361224505 | 0.492258927482061 
 Conserv : 0.416506472216646 | 0.277670981477764 | 0.516575332333584 
 Def : 0.385458908144692  | 0.546750224318712 | 1.01716671049949 
 Atq : 0.00951645239664494  | 0.0134985140377942  | 0.0251124526515981 

Joueur n° 245 : 313, 61 
 Bonus x: 0.614478260869565 | x_def : 0.344217391304348 | x_atq : 0.172260869565217 | y: 0.176272727272727
 Recup : 0.784748564566386 | 0.523165709710924 | 0.889531309501532 
 Conserv : 0.737484515813749 | 0.491656343875832 | 0.835956377252362 
 Def : 0.628865243312574  | 0.4460037186614 | 0.758333859691692 
 Atq : 0.287529060768754  | 0.203921319694152  | 0.346724556246336 

Joueur n° 244 : 331, 403 
 Bonus x: 0.888710144927536 | x_def : 0.343391304347826 | x_atq : 0.388246376811594 | y: 0.142583333333333
 Recup : 0.964072198904642 | 0.550766413299231 | 0.826149619948846 
 Conserv : 1.0195793861143 | 0.582477206792217 | 0.873715810188326 
 Def : 0.478022242660366  | 0.273090123713179 | 0.139275963093721 
 Atq : 0.523014460609569  | 0.298793802892409  | 0.152384839475128 

Joueur n° 247 : 341, 162 
 Bonus x: 0.373942028985507 | x_def : 0.197260869565217 | x_atq : 0.171275362318841 | y: 0.93375
 Recup : 0.520808758154798 | 0.694411677539731 | 0.520808758154798 
 Conserv : 0.521408077784435 | 0.695210770379247 | 0.521408077784435 
 Def : 0.117080211480074  | 0.400274227282304 | 0.117080211480074 
 Atq : 0.100458846746324  | 0.343449048705382  | 0.100458846746324 

Joueur n° 248 : 356, 293 
 Bonus x: 0.548521739130435 | x_def : 0.222666666666667 | x_atq : 0.269304347826087 | y: 0.9415
 Recup : 0.590507141034885 | 0.78734285471318 | 0.590507141034885 
 Conserv : 0.560629452753406 | 0.747505937004542 | 0.560629452753406 
 Def : 0.176744891292761  | 0.392766425095025 | 0.176744891292761 
 Atq : 0.213022449148055  | 0.473383220329012  | 0.213022449148055 

Joueur n° 254 : 472, 210 
 Bonus x: 0.444753623188406 | x_def : 0.0126376811594203 | x_atq : 0.358724637681159 | y: 0.996363636363636
 Recup : 0.488759478922083 | 0.651679305229444 | 0.488759478922083 
 Conserv : 0.452232969821144 | 0.602977293094859 | 0.452232969821144 
 Def : 0.00898262854947002  | 0.0249517459707501 | 0.00898262854947002 
 Atq : 0.298466036515068  | 0.829072323652968  | 0.298466036515068 

Joueur n° 253 : 578, 293 
 Bonus x: 0.53168115942029 | x_def : 0.0275942028985507 | x_atq : 0.659188405797101 | y: 0.991136363636364
 Recup : 0.598819301622299 | 0.798425735496399 | 0.598819301622299 
 Conserv : 0.640528775934625 | 0.854038367912833 | 0.640528775934625 
 Def : 0.0317065264153336  | 0.0671037596091717 | 0.0317065264153336 
 Atq : 1.06979494684806  | 2.26411628962552  | 1.06979494684806 

Joueur n° 249 : 536, 55 
 Bonus x: 0.491014492753623 | x_def : 0.147304347826087 | x_atq : 0.513333333333333 | y: 0.100568181818182
 Recup : 0.427286946417236 | 0.284857964278157 | 0.517656187020709 
 Conserv : 0.520794669473762 | 0.347196446315841 | 0.630940367078865 
 Def : 0.0279927976302853  | 0.109775676981511 | 0.199489098076881 
 Atq : 0.117075753826201  | 0.459120603240005  | 0.834333775634908 


 Recup :   0.575309140267926	| 0.573096199945266	| 0.580275613086544 
 Conserv :  0.584574132879766	| 0.57719576320766	| 0.590345805703209 
 Atq :  0.238079818805334	| 0.444123192925204	| 0.27639071847868 
 Def :  0.300467457805448	| 0.604731563479549	| 0.320351470643758 


  =======================================		Les ballons jouées		========================================

CENTRE : 87 ballons /Equipe1 (1.35946579431818)| 48 ballons /Equipe2(0.747922228132128)  sur 136.020678817141 
DROITE 41 ballons /Equipe1 (1.25199807596126)| 26 ballons /Equipe2(0.814350414070209)  sur 68.0103394085705 
GAUCHE 40 ballons /Equipe1 (1.23750348094719)| 27 ballons /Equipe2(0.825469540951333)  sur 68.0103394085705 

*********************************** Ballon d'attaque  ***************************************************
*		Equipe 1 : 59		|		49		|		59		*
*		Equipe 2 : 35		|		29		|		36		*
*********************************************************************************************************
ATTAQUE CENTRE : 19 ballons /Equipe1 (0.239242384027734) sur 49	 | 17 ballons /Equipe2(0.364956777868991)  sur 29	 
ATTAQUE DROITE 23 ballons /Equipe1 (0.169355672962222) sur 59 | 21 ballons /Equipe2(0.256982427194243)  sur 35 
ATTAQUE GAUCHE 23 ballons /Equipe1 (0.196101496164181) sur 59	 | 21 ballons /Equipe2(0.303793478562093)  sur 36 

***********************************   Ballon d'occaz   ***************************************************
*		Equipe 1 : 20		|		24		|		20		*
*		Equipe 2 : 18		|		22		|		18		*
*********************************************************************************************************
OCCAZ CENTRE : 9 ballons /Equipe1 (0.465969264899029) sur 24	 | 13 ballons /Equipe2(0.689821050845169)  sur 22	 
OCCAZ DROITE 8 ballons /Equipe1 (0.493623290237699) sur 20 | 10 ballons /Equipe2(0.687757322225859)  sur 18 
OCCAZ GAUCHE 8 ballons /Equipe1 (0.551314212014018) sur 20	 | 10 ballons /Equipe2(0.826307537676356)  sur 18 

***********************************   Ballon d'Tir   ***************************************************
*		Equipe 1 : 4		|		17		|		4		*
*		Equipe 2 : 5		|		23		|		5		*
*********************************************************************************************************

 Gardien : 3.63198474854566   9.96574559935012 

***********************************   SCORE  ************************************************************
*													*
*			0				||			2			*
*													*
*********************************************************************************************************
-------------------------- Proba Joueur ------------------ 
 Equipe 1 
BALLON : 1 / 9 | 4 / 11 | 1 / 8 
