 
 ***********************************************          Match n° : 17          **********************************************************

 Le nombre de ballon pour le match est 154.248159890305 

 Le nombre de ballon corrigé pour le match est 126.644964329803
 

		----------------------------------------           Equipe 	1----------------------------------- 
Joueur n° 1 : 42, 225 
 Bonus x: 0.343739130434783 | x_def : 0.554086956521739 | x_atq : 0 | y: 0.977272727272727
 Recup : 0.336075163870386 | 0.448100218493848 | 0.336075163870386 
 Conserv : 0.353825874183098 | 0.47176783224413 | 0.353825874183098 
 Def : 0.722412592878742  | 1.14668665536308 | 0.722412592878742 
 Atq : 0  | 0  | 0 

Joueur n° 4 : 130, 220 
 Bonus x: 0.575217391304348 | x_def : 0.657391304347826 | x_atq : 0.0188405797101449 | y: 0.996363636363636
 Recup : 0.644890497108483 | 0.859853996144644 | 0.644890497108483 
 Conserv : 0.640332019582145 | 0.853776026109526 | 0.640332019582145 
 Def : 0.220947148153968  | 1.73291880905073 | 0.220947148153968 
 Atq : 0.00434789423213789  | 0.0341011312324541  | 0.00434789423213789 

Joueur n° 5 : 220, 221 
 Bonus x: 0.613623188405797 | x_def : 0.497246376811594 | x_atq : 0.0357971014492754 | y: 0.999454545454545
 Recup : 1.03656753810193 | 1.38209005080257 | 1.03656753810193 
 Conserv : 1.05794613065691 | 1.41059484087589 | 1.05794613065691 
 Def : 0.961632254267868  | 1.73267072841057 | 0.961632254267868 
 Atq : 0.0572631244386834  | 0.103176800790421  | 0.0572631244386834 

Joueur n° 6 : 309, 117 
 Bonus x: 0.630217391304348 | x_def : 0.358913043478261 | x_atq : 0.0606521739130435 | y: 0.075969696969697
 Recup : 0.810987538355884 | 0.540658358903922 | 1.00496949017543 
 Conserv : 0.885608231976091 | 0.590405487984061 | 1.09743887703687 
 Def : 0.263079630914995  | 0.461543212131571 | 0.857911172464125 
 Atq : 0.0403622497044713  | 0.0708109643938093  | 0.131622599768818 

Joueur n° 7 : 300, 232 
 Bonus x: 0.679130434782609 | x_def : 0.401304347826087 | x_atq : 0.0234782608695652 | y: 0.980681818181818
 Recup : 1.02510654640467 | 1.36680872853956 | 1.02510654640467 
 Conserv : 1.09920196695181 | 1.46560262260242 | 1.09920196695181 
 Def : 0.297505720894646  | 0.881498432280432 | 0.297505720894646 
 Atq : 0.017146288437359  | 0.0508038175921747  | 0.017146288437359 

Joueur n° 11 : 300, 354 
 Bonus x: 0.832173913043478 | x_def : 0.491739130434783 | x_atq : 0.273913043478261 | y: 0.0312727272727273
 Recup : 0.807917490897344 | 0.416591637124521 | 0.624887455686782 
 Conserv : 0.671836690334363 | 0.346423427961501 | 0.519635141942251 
 Def : 0.446215512903342  | 0.230084944471614 | 0.082830580009781 
 Atq : 0.243320202752163  | 0.125464744546388  | 0.0451673080366997 

Joueur n° 12 : 399, 97 
 Bonus x: 0.585 | x_def : 0.227739130434783 | x_atq : 0.347608695652174 | y: 0.0268863636363636
 Recup : 0.514451773128782 | 0.342967848752521 | 0.667976245274149 
 Conserv : 0.412283456079347 | 0.274855637386231 | 0.535318506739002 
 Def : 0.131791691124383  | 0.13946210700993 | 0.271621304846376 
 Atq : 0.204568087522281  | 0.216474166690245  | 0.421612700988017 

Joueur n° 13 : 397, 198 
 Bonus x: 0.442420289855072 | x_def : 0.203826086956522 | x_atq : 0.260623188405797 | y: 0.98725
 Recup : 0.473994197957976 | 0.631992263943968 | 0.473994197957976 
 Conserv : 0.470210210663354 | 0.626946947551138 | 0.470210210663354 
 Def : 0.255457745912772  | 0.370228617264887 | 0.255457745912772 
 Atq : 0.336238673733544  | 0.487302425700788  | 0.336238673733544 

Joueur n° 18 : 396, 293 
 Bonus x: 0.605913043478261 | x_def : 0.0809565217391304 | x_atq : 0.355391304347826 | y: 0.877681818181818
 Recup : 0.932432572433539 | 1.24324342991139 | 0.932432572433539 
 Conserv : 0.955547497548488 | 1.27406333006465 | 0.955547497548488 
 Def : 0.0841612774909893  | 0.196868485359039 | 0.0841612774909893 
 Atq : 0.381202070278327  | 0.89170074918907  | 0.381202070278327 

Joueur n° 14 : 402, 389 
 Bonus x: 0.501565217391304 | x_def : 0.187826086956522 | x_atq : 0.301913043478261 | y: 0.0314772727272727
 Recup : 0.592603533701454 | 0.30562853837546 | 0.45844280756319 
 Conserv : 0.69794091210204 | 0.359955094269898 | 0.539932641404848 
 Def : 0.270249985946781  | 0.139378359229485 | 0.0229974292728649 
 Atq : 0.457352993981547  | 0.23587460945287  | 0.0389193105597235 

Joueur n° 19 : 487, 230 
 Bonus x: 0.66431884057971 | x_def : 0.035304347826087 | x_atq : 0.569594202898551 | y: 0.993522727272727
 Recup : 0.670521084026431 | 0.894028112035242 | 0.670521084026431 
 Conserv : 0.626343727728324 | 0.835124970304432 | 0.626343727728324 
 Def : 0.0107915238821234  | 0.0479623283649931 | 0.0107915238821234 
 Atq : 0.185641405587638  | 0.825072913722835  | 0.185641405587638 


 Recup :   0.713231630544261	| 0.766542107547967	| 0.715987599872996 
 Conserv :  0.715552428891453	| 0.773592383395807	| 0.717793872221555 
 Atq :  0.175222090060741	| 0.276434756664641	| 0.147196488732813 
 Def :  0.333113189488237	| 0.643572970812394	| 0.344388068188569 
 

		----------------------------------------           Equipe 2		----------------------------------- 
Joueur n° 234 : 47, 225 
 Bonus x: 0.56036231884058 | x_def : 0.885289855072464 | x_atq : 0 | y: 0.977272727272727
 Recup : 0.627893799157409 | 0.837191732209878 | 0.627893799157409 
 Conserv : 0.584279619096176 | 0.779039492128234 | 0.584279619096176 
 Def : 0.470528110221764  | 2.72769918969139 | 0.470528110221764 
 Atq : 0  | 0  | 0 

Joueur n° 235 : 168, 216 
 Bonus x: 0.382608695652174 | x_def : 0.378260869565217 | x_atq : 0 | y: 0.997727272727273
 Recup : 0.517075094515113 | 0.689433459353484 | 0.517075094515113 
 Conserv : 0.561049222787659 | 0.748065630383545 | 0.561049222787659 
 Def : 0.364715296912612  | 1.27970279618461 | 0.364715296912612 
 Atq : 0  | 0  | 0 

Joueur n° 236 : 166, 318 
 Bonus x: 0.388782608695652 | x_def : 0.387304347826087 | x_atq : 0 | y: 0
 Recup : 0.387537198935771 | 0.193768599467885 | 0.290652899201828 
 Conserv : 0.392988271624098 | 0.196494135812049 | 0.294741203718074 
 Def : 0.59375217507011  | 0.296876087535055 | 0.222657065651291 
 Atq : 0  | 0  | 0 

Joueur n° 237 : 165, 111 
 Bonus x: 0.441304347826087 | x_def : 0.441304347826087 | x_atq : 0.0156521739130435 | y: 0.0750454545454546
 Recup : 0.40128972769259 | 0.267526485128393 | 0.497702648752666 
 Conserv : 0.421112473277405 | 0.280741648851603 | 0.522287960317557 
 Def : 0.389721564929699  | 0.552796545999573 | 1.02841520544506 
 Atq : 0.00962169155319474  | 0.0136477894371557  | 0.0253901625823369 

Joueur n° 245 : 313, 61 
 Bonus x: 0.614478260869565 | x_def : 0.344217391304348 | x_atq : 0.172260869565217 | y: 0.176272727272727
 Recup : 0.797030492910113 | 0.531353661940076 | 0.90345316969485 
 Conserv : 0.749026724856001 | 0.499351149904001 | 0.849039747885309 
 Def : 0.638707475850449  | 0.45298402542585 | 0.770202377260121 
 Atq : 0.292029115283734  | 0.207112847718961  | 0.352151066528876 

Joueur n° 244 : 331, 403 
 Bonus x: 0.888710144927536 | x_def : 0.343391304347826 | x_atq : 0.388246376811594 | y: 0.142583333333333
 Recup : 1.00287146527931 | 0.57293211085186 | 0.85939816627779 
 Conserv : 1.06061254964388 | 0.605919111173634 | 0.908878666760451 
 Def : 0.497260337428652  | 0.284080686936844 | 0.14488115033779 
 Atq : 0.544063275623684  | 0.310818815503181  | 0.158517595906622 

Joueur n° 247 : 341, 162 
 Bonus x: 0.373942028985507 | x_def : 0.197260869565217 | x_atq : 0.171275362318841 | y: 0.93375
 Recup : 0.501798548086828 | 0.669064730782437 | 0.501798548086828 
 Conserv : 0.502375991755512 | 0.669834655674016 | 0.502375991755512 
 Def : 0.112806628556998  | 0.385663687374353 | 0.112806628556998 
 Atq : 0.0967919656696699  | 0.330912703144171  | 0.0967919656696699 

Joueur n° 248 : 356, 293 
 Bonus x: 0.548521739130435 | x_def : 0.222666666666667 | x_atq : 0.269304347826087 | y: 0.9415
 Recup : 0.556633200426597 | 0.742177600568796 | 0.556633200426597 
 Conserv : 0.52846942035728 | 0.704625893809707 | 0.52846942035728 
 Def : 0.166606070719014  | 0.37023571270892 | 0.166606070719014 
 Atq : 0.200802597279665  | 0.44622799395481  | 0.200802597279665 

Joueur n° 254 : 472, 210 
 Bonus x: 0.444753623188406 | x_def : 0.0126376811594203 | x_atq : 0.358724637681159 | y: 0.996363636363636
 Recup : 0.506022074309435 | 0.674696099079247 | 0.506022074309435 
 Conserv : 0.46820547800873 | 0.624273970678307 | 0.46820547800873 
 Def : 0.00929988783312906  | 0.0258330217586918 | 0.00929988783312906 
 Atq : 0.309007619128646  | 0.858354497579573  | 0.309007619128646 

Joueur n° 253 : 578, 293 
 Bonus x: 0.53168115942029 | x_def : 0.0275942028985507 | x_atq : 0.659188405797101 | y: 0.991136363636364
 Recup : 0.571961577285888 | 0.762615436381184 | 0.571961577285888 
 Conserv : 0.611800334404793 | 0.815733779206391 | 0.611800334404793 
 Def : 0.0302844527717134  | 0.0640940799401341 | 0.0302844527717134 
 Atq : 1.02181343105341  | 2.16256810804954  | 1.02181343105341 

Joueur n° 249 : 536, 55 
 Bonus x: 0.491014492753623 | x_def : 0.147304347826087 | x_atq : 0.513333333333333 | y: 0.100568181818182
 Recup : 0.413338926240237 | 0.275559284160158 | 0.500758224183663 
 Conserv : 0.503794256475419 | 0.335862837650279 | 0.610344444258639 
 Def : 0.027079022684826  | 0.106192245822847 | 0.19297713231617 
 Atq : 0.113254024680723  | 0.444133430120481  | 0.807098437802837 


 Recup :   0.571222918621754	| 0.565119927265764	| 0.575759036535643 
 Conserv :  0.580337667480632	| 0.569085664115615	| 0.585588371759107 
 Atq :  0.235216701842975	| 0.433979653227989	| 0.270142988722915 
 Def :  0.300069183907179	| 0.595105279943478	| 0.319397579820515 


  =======================================		Les ballons jouées		========================================

CENTRE : 82 ballons /Equipe1 (1.3688994956145)| 44 ballons /Equipe2(0.742406266416361)  sur 126.644964329803 
DROITE 38 ballons /Equipe1 (1.25659151413856)| 24 ballons /Equipe2(0.81054150600314)  sur 63.3224821649015 
GAUCHE 38 ballons /Equipe1 (1.24279843386732)| 25 ballons /Equipe2(0.821035336461802)  sur 63.3224821649015 

*********************************** Ballon d'attaque  ***************************************************
*		Equipe 1 : 55		|		46		|		55		*
*		Equipe 2 : 32		|		26		|		33		*
*********************************************************************************************************
ATTAQUE CENTRE : 18 ballons /Equipe1 (0.238259568010564) sur 46	 | 15 ballons /Equipe2(0.359048732658249)  sur 26	 
ATTAQUE DROITE 21 ballons /Equipe1 (0.168940460157477) sur 55 | 19 ballons /Equipe2(0.255629453850724)  sur 32 
ATTAQUE GAUCHE 21 ballons /Equipe1 (0.195744618158556) sur 55	 | 19 ballons /Equipe2(0.298719675461702)  sur 33 

***********************************   Ballon d'occaz   ***************************************************
*		Equipe 1 : 18		|		23		|		18		*
*		Equipe 2 : 16		|		20		|		16		*
*********************************************************************************************************
OCCAZ CENTRE : 9 ballons /Equipe1 (0.464514038072216) sur 23	 | 11 ballons /Equipe2(0.674328588846994)  sur 20	 
OCCAZ DROITE 7 ballons /Equipe1 (0.490541837106292) sur 18 | 9 ballons /Equipe2(0.682998987392859)  sur 16 
OCCAZ GAUCHE 7 ballons /Equipe1 (0.548601808940465) sur 18	 | 9 ballons /Equipe2(0.810964552733371)  sur 16 

***********************************   Ballon d'Tir   ***************************************************
*		Equipe 1 : 3		|		16		|		3		*
*		Equipe 2 : 4		|		20		|		4		*
*********************************************************************************************************

 Gardien : 3.49430555823176   9.67712703462986 

***********************************   SCORE  ************************************************************
*													*
*			0				||			1			*
*													*
*********************************************************************************************************
-------------------------- Proba Joueur ------------------ 
 Equipe 1 
BALLON : 1 / 8 | 4 / 10 | 1 / 8 
