

===============================================      Match : 73 ================================== 
Equipe 1 
482 , 285 , 135 
306 , 98 , 136 
269 , 313 , 137 
378 , 255 , 138 
343 , 124 , 139 
327 , 314 , 140 
507 , 208 , 141 
433 , 199 , 142 
677 , 401 , 143 
381 , 357 , 144 
154 , 371 , 145 
Equipe 2 
47 , 225 , 1 
113 , 128 , 4 
117 , 244 , 5 
115 , 368 , 6 
209 , 116 , 7 
214 , 238 , 11 
210 , 347 , 12 
316 , 157 , 13 
316 , 305 , 18 
403 , 224 , 14 
497 , 228 , 19 


===============================================      Match : 74 ================================== 
Equipe 1 
49 , 225 , 158 
85 , 225 , 161 
164 , 229 , 162 
238 , 118 , 163 
232 , 236 , 164 
231 , 354 , 168 
295 , 224 , 169 
360 , 226 , 170 
425 , 220 , 175 
490 , 229 , 171 
539 , 228 , 176 
Equipe 2 
44 , 225 , 114 
125 , 118 , 117 
126 , 238 , 118 
129 , 356 , 119 
214 , 123 , 120 
216 , 243 , 124 
212 , 362 , 125 
305 , 225 , 126 
405 , 151 , 131 
402 , 303 , 127 
478 , 221 , 132 


===============================================      Match : 75 ================================== 
Equipe 1 
42 , 225 , 93 
127 , 103 , 96 
128 , 207 , 97 
132 , 300 , 98 
125 , 402 , 99 
216 , 124 , 103 
216 , 251 , 104 
213 , 369 , 105 
313 , 220 , 110 
392 , 222 , 106 
481 , 227 , 111 
Equipe 2 
45 , 225 , 337 
109 , 153 , 340 
101 , 302 , 341 
186 , 230 , 342 
284 , 156 , 343 
279 , 304 , 347 
347 , 123 , 348 
344 , 235 , 349 
348 , 355 , 354 
426 , 220 , 350 
507 , 220 , 355 


===============================================      Match : 76 ================================== 
Equipe 1 
551 , 83 , 331 
670 , 250 , 312 
472 , 385 , 313 
364 , 75 , 314 
598 , 50 , 315 
407 , 309 , 316 
255 , 284 , 317 
58 , 202 , 318 
115 , 399 , 319 
506 , 39 , 320 
415 , 71 , 321 
Equipe 2 
46 , 225 , 70 
112 , 224 , 73 
175 , 96 , 74 
180 , 193 , 75 
179 , 283 , 76 
178 , 369 , 80 
257 , 226 , 81 
317 , 218 , 82 
390 , 222 , 87 
453 , 216 , 83 
535 , 218 , 88 


===============================================      Match : 77 ================================== 
Equipe 1 
47 , 225 , 46 
119 , 119 , 49 
116 , 241 , 50 
116 , 357 , 51 
231 , 231 , 52 
309 , 156 , 56 
315 , 309 , 57 
395 , 127 , 58 
388 , 246 , 63 
390 , 367 , 59 
489 , 220 , 64 
Equipe 2 
44 , 225 , 290 
121 , 220 , 293 
226 , 124 , 294 
228 , 233 , 295 
220 , 353 , 296 
303 , 96 , 300 
300 , 191 , 301 
302 , 290 , 302 
301 , 383 , 307 
410 , 216 , 303 
500 , 224 , 308 


===============================================      Match : 78 ================================== 
Equipe 1 
44 , 225 , 268 
139 , 99 , 271 
138 , 191 , 272 
134 , 285 , 273 
137 , 375 , 274 
238 , 106 , 278 
243 , 206 , 279 
235 , 305 , 280 
236 , 406 , 285 
361 , 218 , 281 
451 , 223 , 286 
Equipe 2 
50 , 225 , 22 
102 , 93 , 25 
106 , 186 , 26 
102 , 277 , 27 
109 , 372 , 28 
205 , 224 , 32 
272 , 161 , 33 
272 , 306 , 34 
354 , 224 , 39 
426 , 226 , 35 
510 , 224 , 40 


===============================================      Match : 79 ================================== 
Equipe 1 
50 , 225 , 180 
110 , 229 , 183 
196 , 149 , 184 
198 , 301 , 185 
272 , 161 , 186 
265 , 317 , 190 
359 , 120 , 191 
364 , 241 , 192 
364 , 359 , 197 
422 , 221 , 193 
517 , 227 , 198 
Equipe 2 
50 , 225 , 245 
129 , 103 , 248 
130 , 196 , 249 
129 , 297 , 250 
129 , 392 , 251 
213 , 155 , 255 
207 , 300 , 256 
305 , 225 , 257 
397 , 162 , 262 
398 , 316 , 258 
489 , 220 , 263 


===============================================      Match : 80 ================================== 
Equipe 1 
42 , 225 , 223 
116 , 160 , 226 
117 , 316 , 227 
213 , 155 , 228 
215 , 299 , 229 
321 , 228 , 233 
395 , 96 , 234 
397 , 197 , 235 
396 , 287 , 240 
402 , 378 , 236 
483 , 232 , 241 
Equipe 2 
43 , 225 , 202 
141 , 129 , 205 
142 , 250 , 206 
140 , 372 , 207 
259 , 119 , 208 
256 , 237 , 212 
259 , 357 , 213 
347 , 126 , 214 
343 , 243 , 219 
350 , 357 , 215 
453 , 217 , 220 


===============================================      Match : 313 ================================== 
Equipe 1 
44 , 225 , 495 
141 , 162 , 498 
145 , 311 , 499 
239 , 102 , 500 
241 , 194 , 501 
244 , 293 , 505 
241 , 386 , 506 
349 , 125 , 507 
351 , 237 , 512 
354 , 357 , 508 
457 , 224 , 513 
Equipe 2 
42 , 225 , 359 
123 , 227 , 362 
216 , 117 , 363 
222 , 240 , 364 
216 , 348 , 365 
298 , 122 , 369 
303 , 239 , 370 
302 , 355 , 371 
389 , 154 , 376 
389 , 304 , 372 
485 , 224 , 377 


===============================================      Match : 314 ================================== 
Equipe 1 
46 , 225 , 519 
119 , 229 , 522 
211 , 120 , 523 
215 , 239 , 524 
219 , 345 , 525 
309 , 128 , 529 
309 , 247 , 530 
308 , 366 , 531 
405 , 155 , 536 
412 , 301 , 532 
498 , 227 , 537 
Equipe 2 
49 , 225 , 472 
116 , 224 , 475 
174 , 156 , 476 
170 , 307 , 477 
241 , 227 , 478 
312 , 223 , 482 
396 , 120 , 483 
396 , 240 , 484 
395 , 365 , 489 
464 , 224 , 485 
527 , 224 , 490 


===============================================      Match : 315 ================================== 
Equipe 1 
50 , 225 , 448 
113 , 101 , 451 
117 , 200 , 452 
113 , 293 , 453 
119 , 391 , 454 
189 , 154 , 458 
184 , 302 , 459 
276 , 224 , 460 
358 , 230 , 465 
435 , 228 , 461 
511 , 227 , 466 
Equipe 2 
42 , 225 , 706 
116 , 97 , 709 
116 , 201 , 710 
114 , 294 , 711 
119 , 392 , 712 
220 , 220 , 716 
305 , 116 , 717 
302 , 233 , 718 
309 , 345 , 723 
402 , 219 , 719 
485 , 223 , 724 


===============================================      Match : 316 ================================== 
Equipe 1 
47 , 225 , 684 
117 , 154 , 687 
113 , 308 , 688 
191 , 125 , 689 
188 , 242 , 690 
185 , 364 , 694 
262 , 226 , 695 
346 , 156 , 696 
350 , 313 , 701 
438 , 215 , 697 
519 , 222 , 702 
Equipe 2 
43 , 225 , 425 
105 , 219 , 428 
179 , 223 , 429 
240 , 226 , 430 
316 , 217 , 431 
395 , 154 , 435 
394 , 304 , 436 
455 , 125 , 437 
453 , 244 , 442 
457 , 368 , 438 
537 , 228 , 443 


===============================================      Match : 317 ================================== 
Equipe 1 
49 , 225 , 401 
101 , 157 , 404 
106 , 316 , 405 
208 , 101 , 406 
208 , 200 , 407 
207 , 292 , 411 
201 , 389 , 412 
266 , 224 , 413 
351 , 228 , 418 
442 , 225 , 414 
511 , 227 , 419 
Equipe 2 
47 , 225 , 660 
116 , 98 , 663 
114 , 190 , 664 
116 , 283 , 665 
115 , 372 , 666 
201 , 161 , 670 
205 , 311 , 671 
268 , 221 , 672 
359 , 229 , 677 
437 , 221 , 673 
520 , 225 , 678 


===============================================      Match : 318 ================================== 
Equipe 1 
51 , 225 , 636 
143 , 123 , 639 
144 , 235 , 640 
143 , 351 , 641 
259 , 129 , 642 
255 , 248 , 646 
258 , 363 , 647 
355 , 118 , 648 
354 , 238 , 653 
357 , 345 , 649 
452 , 227 , 654 
Equipe 2 
42 , 225 , 380 
100 , 154 , 383 
106 , 302 , 384 
179 , 152 , 385 
186 , 302 , 386 
249 , 226 , 390 
312 , 161 , 391 
313 , 315 , 392 
378 , 222 , 397 
456 , 231 , 393 
526 , 219 , 398 


===============================================      Match : 319 ================================== 
Equipe 1 
48 , 225 , 543 
128 , 158 , 546 
127 , 312 , 547 
223 , 99 , 548 
218 , 197 , 549 
217 , 299 , 553 
216 , 392 , 554 
314 , 155 , 555 
312 , 302 , 560 
409 , 224 , 556 
497 , 223 , 561 
Equipe 2 
49 , 225 , 611 
119 , 217 , 614 
189 , 130 , 615 
187 , 249 , 616 
180 , 371 , 617 
275 , 156 , 621 
273 , 316 , 622 
360 , 159 , 623 
362 , 314 , 628 
436 , 224 , 624 
504 , 229 , 629 


===============================================      Match : 320 ================================== 
Equipe 1 
43 , 225 , 587 
98 , 127 , 590 
99 , 240 , 591 
103 , 357 , 592 
170 , 222 , 593 
241 , 228 , 597 
323 , 157 , 598 
317 , 305 , 599 
400 , 224 , 604 
463 , 217 , 600 
526 , 228 , 605 
Equipe 2 
49 , 225 , 565 
117 , 159 , 568 
117 , 316 , 569 
213 , 105 , 570 
217 , 200 , 571 
211 , 304 , 575 
216 , 396 , 576 
301 , 222 , 577 
400 , 156 , 582 
400 , 303 , 578 
487 , 223 , 583 


===============================================      Match : 553 ================================== 
Equipe 1 
45 , 225 , 867 
143 , 104 , 870 
140 , 200 , 871 
146 , 293 , 872 
144 , 389 , 873 
238 , 104 , 877 
241 , 196 , 878 
236 , 293 , 879 
237 , 393 , 884 
356 , 225 , 880 
471 , 224 , 885 
Equipe 2 
43 , 225 , 728 
128 , 117 , 731 
137 , 226 , 732 
135 , 346 , 733 
245 , 156 , 734 
241 , 314 , 738 
359 , 105 , 739 
358 , 200 , 740 
356 , 294 , 745 
359 , 389 , 741 
453 , 220 , 746 


===============================================      Match : 554 ================================== 
Equipe 1 
51 , 225 , 889 
127 , 160 , 892 
122 , 309 , 893 
212 , 97 , 894 
213 , 193 , 895 
210 , 291 , 899 
207 , 380 , 900 
310 , 154 , 901 
311 , 309 , 906 
405 , 220 , 902 
485 , 228 , 907 
Equipe 2 
48 , 225 , 844 
118 , 223 , 847 
223 , 101 , 848 
228 , 204 , 849 
226 , 302 , 850 
227 , 403 , 854 
310 , 157 , 855 
303 , 312 , 856 
391 , 157 , 861 
390 , 301 , 857 
494 , 225 , 862 


===============================================      Match : 555 ================================== 
Equipe 1 
43 , 225 , 820 
141 , 97 , 823 
132 , 199 , 824 
136 , 295 , 825 
133 , 391 , 826 
233 , 125 , 830 
235 , 236 , 831 
237 , 352 , 832 
356 , 157 , 837 
356 , 317 , 833 
454 , 221 , 838 
Equipe 2 
50 , 225 , 1067 
139 , 124 , 1070 
138 , 236 , 1071 
137 , 345 , 1072 
239 , 99 , 1073 
246 , 194 , 1077 
248 , 298 , 1078 
242 , 389 , 1079 
347 , 148 , 1084 
346 , 296 , 1080 
455 , 225 , 1085 


===============================================      Match : 556 ================================== 
Equipe 1 
50 , 225 , 1045 
116 , 164 , 1048 
115 , 314 , 1049 
210 , 155 , 1050 
214 , 308 , 1051 
311 , 159 , 1055 
311 , 314 , 1056 
393 , 126 , 1057 
402 , 245 , 1062 
396 , 367 , 1058 
492 , 224 , 1063 
Equipe 2 
51 , 225 , 797 
144 , 127 , 800 
146 , 240 , 801 
145 , 363 , 802 
261 , 107 , 803 
256 , 201 , 807 
255 , 301 , 808 
254 , 409 , 809 
354 , 149 , 814 
361 , 297 , 810 
459 , 223 , 815 


===============================================      Match : 557 ================================== 
Equipe 1 
48 , 225 , 775 
110 , 225 , 778 
172 , 219 , 779 
245 , 120 , 780 
248 , 226 , 781 
242 , 347 , 785 
313 , 230 , 786 
391 , 152 , 787 
395 , 303 , 792 
460 , 215 , 788 
532 , 223 , 793 
Equipe 2 
45 , 225 , 1021 
136 , 130 , 1024 
134 , 245 , 1025 
136 , 368 , 1026 
248 , 115 , 1027 
248 , 231 , 1031 
240 , 347 , 1032 
359 , 121 , 1033 
354 , 244 , 1038 
353 , 371 , 1034 
452 , 223 , 1039 


===============================================      Match : 558 ================================== 
Equipe 1 
45 , 225 , 998 
111 , 230 , 1001 
188 , 160 , 1002 
187 , 306 , 1003 
251 , 125 , 1004 
247 , 235 , 1008 
252 , 358 , 1009 
318 , 227 , 1010 
393 , 227 , 1015 
457 , 224 , 1011 
517 , 228 , 1016 
Equipe 2 
50 , 225 , 751 
153 , 101 , 754 
151 , 207 , 755 
146 , 302 , 756 
154 , 406 , 757 
256 , 96 , 761 
252 , 195 , 762 
255 , 287 , 763 
255 , 380 , 768 
342 , 223 , 764 
455 , 217 , 769 


===============================================      Match : 559 ================================== 
Equipe 1 
47 , 225 , 912 
108 , 222 , 915 
168 , 224 , 916 
237 , 157 , 917 
234 , 314 , 918 
308 , 158 , 922 
313 , 306 , 923 
377 , 153 , 924 
379 , 297 , 929 
451 , 227 , 925 
519 , 223 , 930 
Equipe 2 
46 , 225 , 977 
122 , 225 , 980 
221 , 101 , 981 
224 , 191 , 982 
226 , 278 , 983 
226 , 377 , 987 
300 , 154 , 988 
298 , 309 , 989 
402 , 151 , 994 
406 , 302 , 990 
494 , 226 , 995 


===============================================      Match : 560 ================================== 
Equipe 1 
44 , 225 , 955 
132 , 123 , 958 
128 , 243 , 959 
131 , 359 , 960 
214 , 128 , 961 
217 , 251 , 965 
216 , 365 , 966 
317 , 163 , 967 
317 , 313 , 972 
407 , 227 , 968 
487 , 220 , 973 
Equipe 2 
45 , 225 , 934 
125 , 103 , 937 
126 , 194 , 938 
128 , 293 , 939 
128 , 391 , 940 
210 , 221 , 944 
307 , 158 , 945 
310 , 305 , 946 
399 , 158 , 951 
399 , 314 , 947 
493 , 230 , 952 


===============================================      Match : 793 ================================== 
Equipe 1 
45 , 225 , 1232 
127 , 231 , 1235 
214 , 156 , 1236 
215 , 301 , 1237 
303 , 99 , 1238 
298 , 200 , 1242 
300 , 293 , 1243 
300 , 385 , 1244 
407 , 147 , 1249 
409 , 300 , 1245 
489 , 220 , 1250 
Equipe 2 
47 , 225 , 1090 
110 , 159 , 1093 
109 , 321 , 1094 
203 , 115 , 1095 
203 , 227 , 1096 
198 , 345 , 1100 
278 , 224 , 1101 
360 , 157 , 1102 
367 , 296 , 1107 
438 , 223 , 1103 
520 , 221 , 1108 


===============================================      Match : 794 ================================== 
Equipe 1 
46 , 225 , 1256 
131 , 159 , 1259 
128 , 308 , 1260 
253 , 95 , 1261 
247 , 195 , 1262 
255 , 282 , 1266 
254 , 377 , 1267 
359 , 121 , 1268 
357 , 244 , 1273 
361 , 366 , 1269 
448 , 230 , 1274 
Equipe 2 
47 , 225 , 1209 
120 , 220 , 1212 
185 , 219 , 1213 
272 , 100 , 1214 
273 , 189 , 1215 
273 , 287 , 1219 
270 , 382 , 1220 
353 , 151 , 1221 
352 , 311 , 1226 
428 , 218 , 1222 
517 , 233 , 1227 


===============================================      Match : 795 ================================== 
Equipe 1 
50 , 225 , 1187 
139 , 101 , 1190 
133 , 201 , 1191 
134 , 308 , 1192 
136 , 405 , 1193 
257 , 218 , 1197 
366 , 98 , 1198 
362 , 195 , 1199 
366 , 293 , 1204 
362 , 380 , 1200 
463 , 228 , 1205 
Equipe 2 
45 , 225 , 1436 
112 , 227 , 1439 
201 , 220 , 1440 
266 , 154 , 1441 
269 , 308 , 1442 
357 , 101 , 1446 
359 , 191 , 1447 
357 , 282 , 1448 
351 , 372 , 1453 
432 , 219 , 1449 
521 , 226 , 1454 


===============================================      Match : 796 ================================== 
Equipe 1 
44 , 225 , 1413 
103 , 102 , 1416 
101 , 193 , 1417 
106 , 290 , 1418 
102 , 379 , 1419 
202 , 222 , 1423 
276 , 158 , 1424 
280 , 307 , 1425 
358 , 228 , 1430 
438 , 225 , 1426 
512 , 232 , 1431 
Equipe 2 
50 , 225 , 1162 
116 , 225 , 1165 
182 , 218 , 1166 
242 , 125 , 1167 
242 , 242 , 1168 
240 , 360 , 1172 
317 , 227 , 1173 
392 , 152 , 1174 
389 , 303 , 1179 
451 , 221 , 1175 
528 , 224 , 1180 


===============================================      Match : 797 ================================== 
Equipe 1 
42 , 225 , 1137 
114 , 122 , 1140 
114 , 241 , 1141 
106 , 350 , 1142 
189 , 223 , 1143 
282 , 116 , 1147 
277 , 233 , 1148 
283 , 354 , 1149 
345 , 227 , 1154 
437 , 221 , 1150 
502 , 227 , 1155 
Equipe 2 
48 , 225 , 1390 
127 , 222 , 1393 
221 , 159 , 1394 
218 , 308 , 1395 
309 , 150 , 1396 
317 , 307 , 1400 
402 , 98 , 1401 
399 , 198 , 1402 
400 , 297 , 1407 
396 , 396 , 1403 
496 , 222 , 1408 


===============================================      Match : 798 ================================== 
Equipe 1 
44 , 225 , 1367 
121 , 223 , 1370 
203 , 156 , 1371 
201 , 308 , 1372 
279 , 156 , 1373 
279 , 300 , 1377 
360 , 130 , 1378 
355 , 244 , 1379 
354 , 371 , 1384 
433 , 216 , 1380 
518 , 224 , 1385 
Equipe 2 
47 , 225 , 1114 
129 , 116 , 1117 
134 , 230 , 1118 
133 , 343 , 1119 
223 , 155 , 1120 
226 , 309 , 1124 
300 , 124 , 1125 
301 , 242 , 1126 
298 , 363 , 1131 
397 , 218 , 1127 
498 , 216 , 1132 


===============================================      Match : 799 ================================== 
Equipe 1 
51 , 225 , 1278 
127 , 99 , 1281 
126 , 205 , 1282 
130 , 294 , 1283 
129 , 401 , 1284 
244 , 151 , 1288 
245 , 300 , 1289 
355 , 113 , 1290 
354 , 226 , 1295 
359 , 340 , 1291 
458 , 226 , 1296 
Equipe 2 
50 , 225 , 1346 
129 , 232 , 1349 
216 , 120 , 1350 
215 , 238 , 1351 
218 , 359 , 1352 
314 , 219 , 1356 
402 , 108 , 1357 
403 , 206 , 1358 
403 , 312 , 1363 
399 , 410 , 1359 
492 , 227 , 1364 


===============================================      Match : 800 ================================== 
Equipe 1 
49 , 225 , 1321 
117 , 127 , 1324 
115 , 240 , 1325 
123 , 359 , 1326 
211 , 156 , 1327 
213 , 305 , 1331 
306 , 161 , 1332 
297 , 313 , 1333 
397 , 155 , 1338 
396 , 308 , 1334 
491 , 229 , 1339 
Equipe 2 
49 , 225 , 1297 
97 , 220 , 1300 
180 , 119 , 1301 
183 , 230 , 1302 
182 , 343 , 1303 
257 , 223 , 1307 
313 , 156 , 1308 
320 , 311 , 1309 
385 , 228 , 1314 
467 , 224 , 1310 
525 , 227 , 1315 


===============================================      Match : 1033 ================================== 
Equipe 1 
51 , 225 , 1590 
105 , 225 , 1593 
173 , 227 , 1594 
246 , 224 , 1595 
318 , 154 , 1596 
317 , 305 , 1600 
402 , 121 , 1601 
403 , 246 , 1602 
402 , 368 , 1607 
458 , 232 , 1603 
536 , 224 , 1608 
Equipe 2 
49 , 225 , 1459 
126 , 152 , 1462 
134 , 306 , 1463 
224 , 95 , 1464 
224 , 189 , 1465 
218 , 291 , 1469 
216 , 382 , 1470 
311 , 219 , 1471 
400 , 151 , 1476 
405 , 306 , 1472 
493 , 223 , 1477 


===============================================      Match : 1034 ================================== 
Equipe 1 
45 , 225 , 1613 
132 , 116 , 1616 
136 , 236 , 1617 
131 , 348 , 1618 
223 , 125 , 1619 
219 , 251 , 1623 
214 , 372 , 1624 
311 , 157 , 1625 
317 , 311 , 1630 
398 , 222 , 1626 
493 , 219 , 1631 
Equipe 2 
45 , 225 , 1568 
114 , 124 , 1571 
118 , 237 , 1572 
118 , 354 , 1573 
227 , 99 , 1574 
220 , 191 , 1578 
222 , 282 , 1579 
225 , 375 , 1580 
316 , 222 , 1585 
392 , 219 , 1581 
493 , 225 , 1586 


===============================================      Match : 1035 ================================== 
Equipe 1 
141 , 366 , 1546 
64 , 53 , 1547 
618 , 105 , 1548 
472 , 358 , 1549 
179 , 168 , 1550 
64 , 100 , 1551 
497 , 212 , 1552 
341 , 196 , 1553 
425 , 30 , 1554 
277 , 141 , 1555 
651 , 57 , 1556 
Equipe 2 
50 , 225 , 1790 
120 , 162 , 1793 
119 , 312 , 1794 
217 , 99 , 1795 
213 , 195 , 1796 
213 , 286 , 1800 
216 , 382 , 1801 
294 , 160 , 1802 
303 , 315 , 1807 
401 , 229 , 1803 
493 , 228 , 1808 


===============================================      Match : 1036 ================================== 
Equipe 1 
49 , 225 , 1767 
143 , 101 , 1770 
140 , 192 , 1771 
147 , 289 , 1772 
148 , 385 , 1773 
245 , 150 , 1777 
245 , 300 , 1778 
346 , 116 , 1779 
345 , 227 , 1784 
345 , 347 , 1780 
465 , 227 , 1785 
Equipe 2 
43 , 225 , 1523 
121 , 102 , 1526 
118 , 194 , 1527 
117 , 279 , 1528 
121 , 375 , 1529 
192 , 232 , 1533 
277 , 165 , 1534 
279 , 314 , 1535 
350 , 229 , 1540 
421 , 221 , 1536 
502 , 228 , 1541 


===============================================      Match : 1037 ================================== 
Equipe 1 
46 , 225 , 1502 
144 , 126 , 1505 
149 , 244 , 1506 
142 , 366 , 1507 
243 , 120 , 1508 
241 , 231 , 1512 
245 , 349 , 1513 
355 , 119 , 1514 
356 , 234 , 1519 
357 , 356 , 1515 
457 , 223 , 1520 
Equipe 2 
42 , 225 , 1746 
117 , 154 , 1749 
114 , 308 , 1750 
172 , 225 , 1751 
252 , 224 , 1752 
321 , 224 , 1756 
400 , 155 , 1757 
399 , 301 , 1758 
452 , 161 , 1763 
451 , 313 , 1759 
520 , 228 , 1764 


===============================================      Match : 1038 ================================== 
Equipe 1 
48 , 225 , 1724 
139 , 105 , 1727 
136 , 208 , 1728 
135 , 311 , 1729 
142 , 412 , 1730 
243 , 162 , 1734 
245 , 314 , 1735 
361 , 124 , 1736 
368 , 240 , 1741 
359 , 365 , 1737 
452 , 223 , 1742 
Equipe 2 
46 , 225 , 1480 
146 , 154 , 1483 
142 , 308 , 1484 
260 , 96 , 1485 
256 , 186 , 1486 
255 , 280 , 1490 
252 , 368 , 1491 
355 , 116 , 1492 
360 , 238 , 1497 
356 , 348 , 1493 
460 , 222 , 1498 


===============================================      Match : 1039 ================================== 
Equipe 1 
48 , 225 , 1636 
119 , 122 , 1639 
114 , 226 , 1640 
122 , 340 , 1641 
205 , 220 , 1642 
312 , 125 , 1646 
314 , 239 , 1647 
317 , 358 , 1648 
409 , 163 , 1653 
411 , 319 , 1649 
486 , 227 , 1654 
Equipe 2 
45 , 225 , 1702 
118 , 128 , 1705 
122 , 248 , 1706 
121 , 372 , 1707 
220 , 219 , 1708 
313 , 124 , 1712 
308 , 231 , 1713 
309 , 345 , 1714 
402 , 160 , 1719 
396 , 316 , 1715 
487 , 229 , 1720 


===============================================      Match : 1040 ================================== 
Equipe 1 
48 , 225 , 1677 
111 , 120 , 1680 
112 , 241 , 1681 
111 , 359 , 1682 
219 , 101 , 1683 
222 , 207 , 1687 
223 , 302 , 1688 
226 , 402 , 1689 
296 , 220 , 1694 
389 , 223 , 1690 
500 , 224 , 1695 
Equipe 2 
43 , 225 , 1658 
140 , 121 , 1661 
139 , 250 , 1662 
135 , 371 , 1663 
241 , 93 , 1664 
237 , 195 , 1668 
245 , 286 , 1669 
240 , 375 , 1670 
345 , 152 , 1675 
352 , 308 , 1671 
465 , 227 , 1676 


===============================================      Match : 1273 ================================== 
Equipe 1 
44 , 225 , 1946 
138 , 152 , 1949 
138 , 305 , 1950 
227 , 130 , 1951 
222 , 247 , 1952 
220 , 370 , 1956 
317 , 153 , 1957 
316 , 301 , 1958 
395 , 162 , 1963 
400 , 313 , 1959 
498 , 227 , 1964 
Equipe 2 
50 , 225 , 1813 
125 , 103 , 1816 
126 , 202 , 1817 
128 , 296 , 1818 
127 , 388 , 1819 
186 , 226 , 1823 
271 , 156 , 1824 
279 , 306 , 1825 
363 , 227 , 1830 
431 , 225 , 1826 
512 , 219 , 1831 


===============================================      Match : 1274 ================================== 
Equipe 1 
45 , 225 , 1967 
139 , 127 , 1970 
145 , 242 , 1971 
140 , 367 , 1972 
253 , 97 , 1973 
251 , 191 , 1977 
259 , 288 , 1978 
255 , 379 , 1979 
347 , 158 , 1984 
344 , 309 , 1980 
465 , 218 , 1985 
Equipe 2 
48 , 225 , 1922 
132 , 107 , 1925 
131 , 208 , 1926 
134 , 304 , 1927 
125 , 409 , 1928 
221 , 157 , 1932 
220 , 317 , 1933 
309 , 158 , 1934 
307 , 311 , 1939 
386 , 217 , 1935 
481 , 220 , 1940 


===============================================      Match : 1275 ================================== 
Equipe 1 
47 , 225 , 1900 
138 , 120 , 1903 
139 , 245 , 1904 
135 , 363 , 1905 
227 , 118 , 1906 
227 , 235 , 1910 
223 , 354 , 1911 
318 , 156 , 1912 
316 , 318 , 1917 
412 , 226 , 1913 
487 , 220 , 1918 
Equipe 2 
51 , 225 , 2153 
144 , 104 , 2156 
143 , 196 , 2157 
147 , 289 , 2158 
147 , 386 , 2159 
246 , 98 , 2163 
252 , 192 , 2164 
247 , 290 , 2165 
250 , 387 , 2170 
347 , 224 , 2166 
462 , 230 , 2171 


===============================================      Match : 1276 ================================== 
Equipe 1 
42 , 225 , 2129 
124 , 118 , 2132 
117 , 235 , 2133 
122 , 347 , 2134 
218 , 122 , 2135 
222 , 245 , 2139 
219 , 363 , 2140 
315 , 224 , 2141 
407 , 156 , 2146 
406 , 309 , 2142 
491 , 232 , 2147 
Equipe 2 
42 , 225 , 1879 
103 , 151 , 1882 
103 , 296 , 1883 
184 , 153 , 1884 
186 , 313 , 1885 
246 , 155 , 1889 
243 , 306 , 1890 
323 , 221 , 1891 
385 , 225 , 1896 
468 , 222 , 1892 
540 , 232 , 1897 


===============================================      Match : 1277 ================================== 
Equipe 1 
48 , 225 , 1858 
103 , 222 , 1861 
186 , 221 , 1862 
254 , 117 , 1863 
253 , 233 , 1864 
253 , 349 , 1868 
315 , 164 , 1869 
322 , 319 , 1870 
391 , 223 , 1875 
464 , 227 , 1871 
525 , 225 , 1876 
Equipe 2 
42 , 225 , 2105 
114 , 160 , 2108 
117 , 309 , 2109 
203 , 120 , 2110 
198 , 238 , 2111 
203 , 354 , 2115 
275 , 158 , 2116 
276 , 304 , 2117 
355 , 223 , 2122 
438 , 221 , 2118 
524 , 227 , 2123 


===============================================      Match : 1278 ================================== 
Equipe 1 
49 , 225 , 2081 
112 , 124 , 2084 
107 , 243 , 2085 
109 , 357 , 2086 
192 , 219 , 2087 
276 , 227 , 2091 
352 , 114 , 2092 
346 , 235 , 2093 
349 , 351 , 2098 
443 , 224 , 2094 
523 , 227 , 2099 
Equipe 2 
51 , 225 , 1835 
116 , 157 , 1838 
124 , 307 , 1839 
199 , 153 , 1840 
207 , 307 , 1841 
263 , 120 , 1845 
262 , 228 , 1846 
268 , 345 , 1847 
352 , 222 , 1852 
426 , 224 , 1848 
520 , 230 , 1853 


===============================================      Match : 1279 ================================== 
Equipe 1 
48 , 225 , 1989 
113 , 222 , 1992 
186 , 155 , 1993 
186 , 299 , 1994 
254 , 218 , 1995 
320 , 153 , 1999 
321 , 304 , 2000 
391 , 232 , 2001 
462 , 155 , 2006 
459 , 305 , 2002 
521 , 229 , 2007 
Equipe 2 
45 , 225 , 2057 
119 , 154 , 2060 
125 , 308 , 2061 
199 , 227 , 2062 
282 , 153 , 2063 
277 , 295 , 2067 
354 , 220 , 2068 
429 , 112 , 2069 
433 , 229 , 2074 
437 , 336 , 2070 
524 , 219 , 2075 


===============================================      Match : 1280 ================================== 
Equipe 1 
48 , 225 , 2036 
109 , 155 , 2039 
107 , 298 , 2040 
177 , 232 , 2041 
242 , 227 , 2042 
325 , 120 , 2046 
326 , 234 , 2047 
324 , 350 , 2048 
391 , 222 , 2053 
466 , 219 , 2049 
523 , 221 , 2054 
Equipe 2 
45 , 225 , 2013 
148 , 156 , 2016 
152 , 296 , 2017 
249 , 123 , 2018 
250 , 240 , 2019 
258 , 355 , 2023 
348 , 107 , 2024 
348 , 206 , 2025 
351 , 304 , 2030 
352 , 401 , 2026 
451 , 228 , 2031 


===============================================      Match : 1513 ================================== 
Equipe 1 
43 , 225 , 2315 
146 , 127 , 2318 
139 , 238 , 2319 
146 , 354 , 2320 
246 , 99 , 2321 
248 , 191 , 2325 
246 , 284 , 2326 
245 , 381 , 2327 
357 , 155 , 2332 
362 , 310 , 2328 
452 , 220 , 2333 
Equipe 2 
46 , 225 , 2176 
118 , 160 , 2179 
116 , 312 , 2180 
196 , 225 , 2181 
269 , 223 , 2182 
353 , 220 , 2186 
432 , 109 , 2187 
433 , 209 , 2188 
431 , 308 , 2193 
427 , 407 , 2189 
519 , 224 , 2194 


===============================================      Match : 1514 ================================== 
Equipe 1 
50 , 225 , 2335 
117 , 119 , 2338 
117 , 231 , 2339 
124 , 345 , 2340 
227 , 124 , 2341 
222 , 245 , 2345 
228 , 354 , 2346 
312 , 157 , 2347 
314 , 305 , 2352 
411 , 223 , 2348 
480 , 221 , 2353 
Equipe 2 
44 , 225 , 2292 
109 , 221 , 2295 
192 , 222 , 2296 
278 , 99 , 2297 
273 , 199 , 2298 
280 , 288 , 2302 
278 , 382 , 2303 
347 , 154 , 2304 
348 , 304 , 2309 
438 , 228 , 2305 
511 , 222 , 2310 


===============================================      Match : 1515 ================================== 
Equipe 1 
42 , 225 , 2269 
121 , 125 , 2272 
125 , 238 , 2273 
125 , 357 , 2274 
206 , 156 , 2275 
212 , 302 , 2279 
303 , 117 , 2280 
310 , 228 , 2281 
302 , 348 , 2286 
406 , 225 , 2282 
485 , 220 , 2287 
Equipe 2 
42 , 225 , 2516 
117 , 224 , 2519 
203 , 120 , 2520 
202 , 244 , 2521 
206 , 354 , 2522 
278 , 153 , 2526 
277 , 312 , 2527 
351 , 162 , 2528 
354 , 311 , 2533 
438 , 228 , 2529 
514 , 231 , 2534 


===============================================      Match : 1516 ================================== 
Equipe 1 
44 , 225 , 2494 
146 , 115 , 2497 
146 , 231 , 2498 
144 , 344 , 2499 
242 , 96 , 2500 
241 , 189 , 2504 
241 , 283 , 2505 
241 , 377 , 2506 
365 , 154 , 2511 
363 , 300 , 2507 
462 , 226 , 2512 
Equipe 2 
45 , 225 , 2244 
135 , 103 , 2247 
135 , 194 , 2248 
128 , 290 , 2249 
130 , 377 , 2250 
245 , 109 , 2254 
250 , 203 , 2255 
245 , 309 , 2256 
254 , 405 , 2261 
364 , 225 , 2257 
467 , 219 , 2262 


===============================================      Match : 1517 ================================== 
Equipe 1 
49 , 225 , 2221 
143 , 97 , 2224 
143 , 191 , 2225 
141 , 288 , 2226 
137 , 377 , 2227 
243 , 125 , 2231 
243 , 240 , 2232 
242 , 350 , 2233 
344 , 159 , 2238 
348 , 309 , 2234 
455 , 218 , 2239 
Equipe 2 
42 , 225 , 2471 
142 , 224 , 2474 
236 , 97 , 2475 
241 , 186 , 2476 
242 , 285 , 2477 
243 , 381 , 2481 
351 , 104 , 2482 
346 , 190 , 2483 
345 , 293 , 2488 
343 , 383 , 2484 
468 , 225 , 2489 


===============================================      Match : 1518 ================================== 
Equipe 1 
44 , 225 , 2449 
103 , 162 , 2452 
109 , 317 , 2453 
191 , 224 , 2454 
287 , 217 , 2455 
347 , 222 , 2459 
423 , 107 , 2460 
427 , 202 , 2461 
425 , 300 , 2466 
423 , 406 , 2462 
513 , 223 , 2467 
Equipe 2 
48 , 225 , 2198 
141 , 97 , 2201 
146 , 186 , 2202 
142 , 281 , 2203 
148 , 374 , 2204 
255 , 109 , 2208 
251 , 207 , 2209 
258 , 300 , 2210 
252 , 405 , 2215 
364 , 223 , 2211 
469 , 223 , 2216 


===============================================      Match : 1519 ================================== 
Equipe 1 
49 , 225 , 2358 
133 , 102 , 2361 
127 , 195 , 2362 
126 , 289 , 2363 
129 , 393 , 2364 
207 , 149 , 2368 
205 , 303 , 2369 
308 , 160 , 2370 
305 , 305 , 2375 
392 , 225 , 2371 
486 , 226 , 2376 
Equipe 2 
42 , 225 , 2426 
112 , 94 , 2429 
120 , 187 , 2430 
115 , 282 , 2431 
116 , 375 , 2432 
199 , 222 , 2436 
278 , 151 , 2437 
286 , 302 , 2438 
359 , 228 , 2443 
439 , 227 , 2439 
519 , 229 , 2444 


===============================================      Match : 1520 ================================== 
Equipe 1 
51 , 225 , 2403 
120 , 228 , 2406 
209 , 118 , 2407 
217 , 240 , 2408 
212 , 358 , 2409 
309 , 97 , 2413 
310 , 194 , 2414 
313 , 289 , 2415 
309 , 384 , 2420 
407 , 223 , 2416 
486 , 224 , 2421 
Equipe 2 
51 , 225 , 2381 
129 , 115 , 2384 
132 , 230 , 2385 
132 , 339 , 2386 
221 , 107 , 2387 
225 , 204 , 2391 
224 , 298 , 2392 
223 , 399 , 2393 
317 , 228 , 2398 
392 , 216 , 2394 
479 , 228 , 2399 


===============================================      Match : 1753 ================================== 
Equipe 1 
50 , 225 , 2675 
141 , 100 , 2678 
137 , 195 , 2679 
145 , 286 , 2680 
145 , 378 , 2681 
259 , 95 , 2685 
261 , 186 , 2686 
254 , 283 , 2687 
259 , 372 , 2692 
365 , 225 , 2688 
451 , 222 , 2693 
Equipe 2 
50 , 225 , 2538 
117 , 222 , 2541 
197 , 220 , 2542 
285 , 119 , 2543 
285 , 247 , 2544 
284 , 362 , 2548 
353 , 113 , 2549 
352 , 225 , 2550 
355 , 340 , 2555 
428 , 218 , 2551 
511 , 224 , 2556 


===============================================      Match : 1754 ================================== 
Equipe 1 
49 , 225 , 2698 
142 , 118 , 2701 
143 , 243 , 2702 
138 , 357 , 2703 
247 , 100 , 2704 
251 , 201 , 2708 
250 , 303 , 2709 
242 , 407 , 2710 
351 , 157 , 2715 
346 , 315 , 2711 
457 , 226 , 2716 
Equipe 2 
51 , 225 , 2652 
113 , 225 , 2655 
192 , 94 , 2656 
193 , 194 , 2657 
190 , 285 , 2658 
191 , 381 , 2662 
276 , 154 , 2663 
278 , 310 , 2664 
360 , 224 , 2669 
432 , 218 , 2665 
508 , 222 , 2670 


===============================================      Match : 1755 ================================== 
Equipe 1 
46 , 225 , 2630 
136 , 150 , 2633 
140 , 298 , 2634 
249 , 120 , 2635 
249 , 237 , 2636 
250 , 358 , 2640 
351 , 96 , 2641 
353 , 196 , 2642 
350 , 284 , 2647 
358 , 379 , 2643 
460 , 227 , 2648 
Equipe 2 
44 , 225 , 2879 
122 , 117 , 2882 
127 , 226 , 2883 
120 , 345 , 2884 
230 , 126 , 2885 
223 , 248 , 2889 
223 , 364 , 2890 
303 , 159 , 2891 
301 , 308 , 2896 
400 , 225 , 2892 
502 , 220 , 2897 


===============================================      Match : 1756 ================================== 
Equipe 1 
48 , 225 , 2855 
98 , 108 , 2858 
96 , 205 , 2859 
92 , 301 , 2860 
98 , 400 , 2861 
167 , 219 , 2865 
243 , 225 , 2866 
312 , 225 , 2867 
377 , 219 , 2872 
471 , 230 , 2868 
541 , 227 , 2873 
Equipe 2 
46 , 225 , 2608 
117 , 116 , 2611 
122 , 229 , 2612 
115 , 348 , 2613 
220 , 113 , 2614 
213 , 227 , 2618 
211 , 346 , 2619 
294 , 220 , 2620 
398 , 152 , 2625 
397 , 298 , 2621 
486 , 227 , 2626 


===============================================      Match : 1757 ================================== 
Equipe 1 
43 , 225 , 2586 
137 , 109 , 2589 
139 , 206 , 2590 
131 , 300 , 2591 
135 , 404 , 2592 
248 , 218 , 2596 
353 , 101 , 2597 
355 , 197 , 2598 
356 , 285 , 2603 
357 , 386 , 2599 
448 , 224 , 2604 
Equipe 2 
51 , 225 , 2831 
103 , 221 , 2834 
179 , 100 , 2835 
185 , 195 , 2836 
184 , 287 , 2837 
177 , 384 , 2841 
253 , 224 , 2842 
308 , 219 , 2843 
393 , 223 , 2848 
457 , 230 , 2844 
536 , 232 , 2849 


===============================================      Match : 1758 ================================== 
Equipe 1 
48 , 225 , 2809 
121 , 158 , 2812 
127 , 299 , 2813 
216 , 106 , 2814 
222 , 198 , 2815 
225 , 302 , 2819 
224 , 396 , 2820 
310 , 157 , 2821 
303 , 307 , 2826 
394 , 226 , 2822 
489 , 226 , 2827 
Equipe 2 
48 , 225 , 2563 
154 , 100 , 2566 
148 , 198 , 2567 
148 , 298 , 2568 
147 , 396 , 2569 
252 , 104 , 2573 
258 , 199 , 2574 
256 , 292 , 2575 
251 , 393 , 2580 
344 , 233 , 2576 
471 , 226 , 2581 


===============================================      Match : 1759 ================================== 
Equipe 1 
48 , 225 , 2722 
109 , 229 , 2725 
181 , 123 , 2726 
179 , 246 , 2727 
175 , 367 , 2728 
257 , 159 , 2732 
257 , 316 , 2733 
320 , 227 , 2734 
388 , 226 , 2739 
467 , 231 , 2735 
537 , 230 , 2740 
Equipe 2 
42 , 225 , 2788 
105 , 229 , 2791 
165 , 224 , 2792 
254 , 226 , 2793 
328 , 122 , 2794 
325 , 236 , 2798 
322 , 344 , 2799 
401 , 158 , 2800 
399 , 315 , 2805 
452 , 221 , 2801 
531 , 220 , 2806 


===============================================      Match : 1760 ================================== 
Equipe 1 
42 , 225 , 2766 
119 , 102 , 2769 
118 , 199 , 2770 
114 , 294 , 2771 
114 , 398 , 2772 
227 , 154 , 2776 
225 , 299 , 2777 
304 , 160 , 2778 
300 , 312 , 2783 
400 , 219 , 2779 
489 , 222 , 2784 
Equipe 2 
48 , 225 , 2744 
129 , 100 , 2747 
128 , 186 , 2748 
132 , 288 , 2749 
129 , 381 , 2750 
206 , 155 , 2754 
212 , 306 , 2755 
311 , 153 , 2756 
305 , 309 , 2761 
403 , 226 , 2757 
496 , 226 , 2762 
